> cd /vepfs-mlp2/c20250205/240804016/GodotProject/Pictor && godot --headless --script test/main/test_main.gd 2>&&1
Godot Engine v4.6.3.stable.custom_build.35e80b3a8 (2026-05-20 13:47:53 UTC) - https://godotengine.org
WARNING: Started the engine as `root`/superuser. This is a security risk, and subsystems like audio may not work correctly.
Set the environment variable `GODOT_SILENCE_ROOT_WARNING` to 1 to silence this warning.
     at: setup2 (main/main.cpp:3478)

==================================================
  Main Scene Integration Test
==================================================
WARNING: res://src/renderer_2d/renderer_2d.tscn:5 - ext_resource, invalid UID:  - using text path instead: res://src/renderer_2d/Vehicle/vehicle_2d.tscn
     at: load (scene/resources/resource_format_text.cpp:500)
     GDScript backtrace (most recent call first):
         [0] _run (res://test/main/test_main.gd:37)
  ✗ FAIL: WebSocketClient instantiated
  ✓ InputHandler instantiated
  children: 4
  ✗ FAIL: voxel_full received: 0 cells
  ✗ FAIL: path received: 0 points
  ✗ FAIL: pose received: 0 msgs
  ✗ FAIL: ctrl sent via EventBus

==================================================
  1 passed, 5 FAILED ✗
==================================================
